build/app/intermediates/manifest_merge_blame_file/release/manifest-merger-blame-release-report.txt
1<?xml version="1.0" encoding="utf-8"?>
2<manifest xmlns:android="http://schemas.android.com/apk/res/android"
3    package="com.example.koompi_hotspot"
4    android:versionCode="1"
5    android:versionName="1.0.0" >
6
7    <uses-sdk
8        android:minSdkVersion="16"
8-->src/main/AndroidManifest.xml
9        android:targetSdkVersion="28" />
9-->src/main/AndroidManifest.xml
10    <!--
11         io.flutter.app.FlutterApplication is an android.app.Application that
12         calls FlutterMain.startInitialization(this); in its onCreate method.
13         In most cases you can leave this as-is, but you if you want to provide
14         additional functionality it is fine to subclass or reimplement
15         FlutterApplication and put your custom class here.
16    -->
17    <uses-permission android:name="android.permission.ACCESS_FINE_LOCATION" />
17-->src/main/AndroidManifest.xml:8:5-79
17-->src/main/AndroidManifest.xml:8:22-76
18    <uses-permission android:name="android.permission.INTERNET" />
18-->src/main/AndroidManifest.xml:9:5-66
18-->src/main/AndroidManifest.xml:9:22-64
19    <uses-permission android:name="android.permission.ACCESS_NETWORK_STATE" />
19-->[:simple_connectivity] AndroidManifest.xml:7:5-79
19-->[:simple_connectivity] AndroidManifest.xml:7:22-76
20    <uses-permission android:name="android.permission.ACCESS_WIFI_STATE" />
20-->[:simple_connectivity] AndroidManifest.xml:8:5-76
20-->[:simple_connectivity] AndroidManifest.xml:8:22-73
21
22    <application
22-->src/main/AndroidManifest.xml:12:5-34:19
23        android:name="io.flutter.app.FlutterApplication"
23-->src/main/AndroidManifest.xml:13:9-57
24        android:appComponentFactory="androidx.core.app.CoreComponentFactory"
24-->[androidx.core:core:1.1.0] AndroidManifest.xml:24:18-86
25        android:icon="@mipmap/ic_launcher"
25-->src/main/AndroidManifest.xml:15:9-43
26        android:label="koompi_hotspot" >
26-->src/main/AndroidManifest.xml:14:9-39
27        <activity
27-->src/main/AndroidManifest.xml:17:9-28:20
28            android:name="com.example.koompi_hotspot.MainActivity"
28-->src/main/AndroidManifest.xml:18:13-41
29            android:configChanges="orientation|keyboardHidden|keyboard|screenSize|smallestScreenSize|locale|layoutDirection|fontScale|screenLayout|density|uiMode"
29-->src/main/AndroidManifest.xml:21:13-163
30            android:hardwareAccelerated="true"
30-->src/main/AndroidManifest.xml:22:13-47
31            android:launchMode="singleTop"
31-->src/main/AndroidManifest.xml:19:13-43
32            android:theme="@style/LaunchTheme"
32-->src/main/AndroidManifest.xml:20:13-47
33            android:windowSoftInputMode="adjustResize" >
33-->src/main/AndroidManifest.xml:23:13-55
34            <intent-filter>
34-->src/main/AndroidManifest.xml:24:13-27:29
35                <action android:name="android.intent.action.MAIN" />
35-->src/main/AndroidManifest.xml:25:17-68
35-->src/main/AndroidManifest.xml:25:25-66
36
37                <category android:name="android.intent.category.LAUNCHER" />
37-->src/main/AndroidManifest.xml:26:17-76
37-->src/main/AndroidManifest.xml:26:27-74
38            </intent-filter>
39        </activity>
40        <!--
41             Don't delete the meta-data below.
42             This is used by the Flutter tool to generate GeneratedPluginRegistrant.java
43        -->
44        <meta-data
44-->src/main/AndroidManifest.xml:31:9-33:33
45            android:name="flutterEmbedding"
45-->src/main/AndroidManifest.xml:32:13-44
46            android:value="2" />
46-->src/main/AndroidManifest.xml:33:13-30
47
48        <activity
48-->[com.google.android.gms:play-services-base:17.0.0] AndroidManifest.xml:23:9-26:75
49            android:name="com.google.android.gms.common.api.GoogleApiActivity"
49-->[com.google.android.gms:play-services-base:17.0.0] AndroidManifest.xml:24:13-79
50            android:exported="false"
50-->[com.google.android.gms:play-services-base:17.0.0] AndroidManifest.xml:25:13-37
51            android:theme="@android:style/Theme.Translucent.NoTitleBar" />
51-->[com.google.android.gms:play-services-base:17.0.0] AndroidManifest.xml:26:13-72
52
53        <meta-data
53-->[com.google.android.gms:play-services-basement:17.0.0] AndroidManifest.xml:23:9-25:69
54            android:name="com.google.android.gms.version"
54-->[com.google.android.gms:play-services-basement:17.0.0] AndroidManifest.xml:24:13-58
55            android:value="@integer/google_play_services_version" />
55-->[com.google.android.gms:play-services-basement:17.0.0] AndroidManifest.xml:25:13-66
56    </application>
57
58</manifest>